
> daygen-backend@1.0.0 start:dev
> nest start --watch

[2J[3J[H[[90m10:49:06 PM[0m] Starting compilation in watch mode...

[[90m10:49:12 PM[0m] Found 0 errors. Watching for file changes.

PrismaService: using db aws-1-eu-central-1.pooler.supabase.com:6543 (connection_limit=50, pool_timeout=30, pgbouncer=true)
🔧 Using connection pooler - prepared statements disabled via pgbouncer=true
⚠️  Missing REQUIRED Stripe Subscription Price IDs: STRIPE_STARTER_PRICE_ID, STRIPE_AGENCY_PRICE_ID, STRIPE_STARTER_YEARLY_PRICE_ID, STRIPE_AGENCY_YEARLY_PRICE_ID - Subscription payments will fail!
⚠️  Optional Stripe Top-up Price IDs not set: STRIPE_STARTER_TOPUP_PRICE_ID, STRIPE_PRO_TOPUP_PRICE_ID, STRIPE_AGENCY_TOPUP_PRICE_ID
📋 Stripe Price ID Configuration:
   - STRIPE_STARTER_PRICE_ID: NOT SET
   - STRIPE_PRO_PRICE_ID: price_1SK2X2...
   - STRIPE_AGENCY_PRICE_ID: NOT SET
   - STRIPE_STARTER_YEARLY_PRICE_ID: NOT SET
   - STRIPE_PRO_YEARLY_PRICE_ID: price_1SKmNL...
   - STRIPE_AGENCY_YEARLY_PRICE_ID: NOT SET
   - STRIPE_STARTER_TOPUP_PRICE_ID: NOT SET
   - STRIPE_PRO_TOPUP_PRICE_ID: NOT SET
   - STRIPE_AGENCY_TOPUP_PRICE_ID: NOT SET
🔧 Environment check:
   - NODE_ENV: development
   - PORT: 3000
   - DATABASE_URL: Set
   - JWT_SECRET: Not set
✅ Database connected successfully
❌ Failed to start server: Error: listen EADDRINUSE: address already in use 0.0.0.0:3000
    at Server.setupListenHandle [as _listen2] (node:net:1939:16)
    at listenInCluster (node:net:1996:12)
    at node:net:2205:7
    at process.processTicksAndRejections (node:internal/process/task_queues:90:21) {
  code: 'EADDRINUSE',
  errno: -48,
  syscall: 'listen',
  address: '0.0.0.0',
  port: 3000
}
❌ Port 3000 is already in use. Please kill the existing process or use a different port.
   You can kill the process using: kill -9 $(lsof -ti:3000)
